<?xml version="1.0" encoding="UTF-8" ?>
<testsuite tests="5" failures="0" name="com.ashokit.service.ContactServiceTest" time="0.029" errors="0" skipped="0">
  <properties>
[...]
</properties>
  <testcase classname="com.ashokit.service.ContactServiceTest" name="testGetNameById_01" time="0.026"/>
  <testcase classname="com.ashokit.service.ContactServiceTest" name="testGetAllContactNames_01" time="0"/>
  <testcase classname="com.ashokit.service.ContactServiceTest" name="testGetAllContactNames_02" time="0.001"/>
  <testcase classname="com.ashokit.service.ContactServiceTest" name="testGetContactById_01" time="0.002"/>
  <testcase classname="com.ashokit.service.ContactServiceTest" name="testGetContactById_02" time="0"/>
</testsuite>